0 info it worked if it ends with ok
1 verbose cli [ '/usr/local/bin/node',
1 verbose cli   '/usr/local/bin/npm',
1 verbose cli   'install',
1 verbose cli   'ios-sim',
1 verbose cli   '-g' ]
2 info using npm@2.10.1
3 info using node@v0.12.4
4 verbose node symlink /usr/local/bin/node
5 verbose install initial load of /usr/local/lib/package.json
6 verbose readDependencies loading dependencies from /usr/local/lib/package.json
7 silly cache add args [ 'ios-sim', null ]
8 verbose cache add spec ios-sim
9 silly cache add parsed spec { raw: 'ios-sim',
9 silly cache add   scope: null,
9 silly cache add   name: 'ios-sim',
9 silly cache add   rawSpec: '',
9 silly cache add   spec: '*',
9 silly cache add   type: 'range' }
10 silly addNamed ios-sim@*
11 verbose addNamed "*" is a valid semver range for ios-sim
12 silly addNameRange { name: 'ios-sim', range: '*', hasData: false }
13 silly mapToRegistry name ios-sim
14 silly mapToRegistry using default registry
15 silly mapToRegistry registry https://registry.npmjs.org/
16 silly mapToRegistry uri https://registry.npmjs.org/ios-sim
17 verbose addNameRange registry:https://registry.npmjs.org/ios-sim not in flight; fetching
18 verbose request uri https://registry.npmjs.org/ios-sim
19 verbose request no auth needed
20 info attempt registry request try #1 at 12:01:31 PM
21 verbose request id aa49f5c86db1dc0a
22 verbose etag "1H76UOC6W9Z8XWWIXSB6N1P9A"
23 http request GET https://registry.npmjs.org/ios-sim
24 http 304 https://registry.npmjs.org/ios-sim
25 silly get cb [ 304,
25 silly get   { date: 'Sat, 06 Jun 2015 17:01:27 GMT',
25 silly get     via: '1.1 varnish',
25 silly get     'cache-control': 'max-age=60',
25 silly get     etag: '"1H76UOC6W9Z8XWWIXSB6N1P9A"',
25 silly get     age: '0',
25 silly get     connection: 'keep-alive',
25 silly get     'x-served-by': 'cache-ord1730-ORD',
25 silly get     'x-cache': 'MISS',
25 silly get     'x-cache-hits': '0',
25 silly get     'x-timer': 'S1433610087.744691,VS0,VE253',
25 silly get     vary: 'Accept' } ]
26 verbose etag https://registry.npmjs.org/ios-sim from cache
27 verbose get saving ios-sim to /Users/edo/.npm/registry.npmjs.org/ios-sim/.cache.json
28 silly addNameRange number 2 { name: 'ios-sim', range: '*', hasData: true }
29 silly addNameRange versions [ 'ios-sim',
29 silly addNameRange   [ '1.8.0',
29 silly addNameRange     '1.8.1',
29 silly addNameRange     '1.8.2',
29 silly addNameRange     '1.9.0',
29 silly addNameRange     '2.0.0',
29 silly addNameRange     '2.0.1',
29 silly addNameRange     '3.0.0',
29 silly addNameRange     '3.1.0',
29 silly addNameRange     '3.1.1',
29 silly addNameRange     '4.1.0' ] ]
30 silly addNamed ios-sim@3.1.1
31 verbose addNamed "3.1.1" is a plain semver version for ios-sim
32 silly cache afterAdd ios-sim@3.1.1
33 verbose afterAdd /Users/edo/.npm/ios-sim/3.1.1/package/package.json not in flight; writing
34 verbose afterAdd /Users/edo/.npm/ios-sim/3.1.1/package/package.json written
35 silly install resolved [ { name: 'ios-sim',
35 silly install resolved     version: '3.1.1',
35 silly install resolved     description: 'launch iOS apps into the iOS Simulator from the command line (Xcode 6.0)',
35 silly install resolved     main: 'ios-sim',
35 silly install resolved     scripts: { preinstall: 'rake build' },
35 silly install resolved     bin: { 'ios-sim': 'build/Release/ios-sim' },
35 silly install resolved     repository:
35 silly install resolved      { type: 'git',
35 silly install resolved        url: 'git+https://github.com/phonegap/ios-sim.git' },
35 silly install resolved     keywords: [ 'ios-sim', 'iOS Simulator' ],
35 silly install resolved     author: { name: 'Landon Fuller, Jeff Haynie, Eloy Duran, Shazron Abdullah' },
35 silly install resolved     license: 'MIT',
35 silly install resolved     gitHead: 'c6ec64397e5fa462f1ea2d4e4fdc123a856618f9',
35 silly install resolved     bugs: { url: 'https://github.com/phonegap/ios-sim/issues' },
35 silly install resolved     homepage: 'https://github.com/phonegap/ios-sim',
35 silly install resolved     _id: 'ios-sim@3.1.1',
35 silly install resolved     _shasum: '1129c3fda31b917ef656b8c53fd276392b51c6e8',
35 silly install resolved     _from: 'ios-sim@*',
35 silly install resolved     _npmVersion: '1.4.14',
35 silly install resolved     _npmUser: { name: 'shazron', email: 'shazron@gmail.com' },
35 silly install resolved     maintainers: [ [Object] ],
35 silly install resolved     dist:
35 silly install resolved      { shasum: '1129c3fda31b917ef656b8c53fd276392b51c6e8',
35 silly install resolved        tarball: 'http://registry.npmjs.org/ios-sim/-/ios-sim-3.1.1.tgz' },
35 silly install resolved     directories: {},
35 silly install resolved     _resolved: 'https://registry.npmjs.org/ios-sim/-/ios-sim-3.1.1.tgz',
35 silly install resolved     readme: 'ERROR: No README data found!' } ]
36 info install ios-sim@3.1.1 into /usr/local/lib
37 info installOne ios-sim@3.1.1
38 verbose installOne of ios-sim to /usr/local/lib not in flight; installing
39 verbose lock using /Users/edo/.npm/_locks/ios-sim-3bb56db538048d2f.lock for /usr/local/lib/node_modules/ios-sim
40 silly install write writing ios-sim 3.1.1 to /usr/local/lib/node_modules/ios-sim
41 verbose unbuild lib/node_modules/ios-sim
42 silly gentlyRm /usr/local/lib/node_modules/ios-sim is being purged from base /usr/local
43 verbose gentlyRm don't care about contents; nuking /usr/local/lib/node_modules/ios-sim
44 verbose tar unpack /Users/edo/.npm/ios-sim/3.1.1/package.tgz
45 verbose tar unpacking to /usr/local/lib/node_modules/ios-sim
46 silly gentlyRm /usr/local/lib/node_modules/ios-sim is being purged
47 verbose gentlyRm don't care about contents; nuking /usr/local/lib/node_modules/ios-sim
48 silly gunzTarPerm modes [ '755', '644' ]
49 silly gunzTarPerm extractEntry package.json
50 silly gunzTarPerm extractEntry .npmignore
51 silly gunzTarPerm extractEntry README.md
52 silly gunzTarPerm extractEntry LICENSE
53 silly gunzTarPerm extractEntry resources/buildbox/build.sh
54 silly gunzTarPerm extractEntry CoreSimulator/CoreSimulator.h
55 silly gunzTarPerm extractEntry CONTRIBUTING.md
56 silly gunzTarPerm extractEntry Rakefile
57 silly gunzTarPerm extractEntry Source/.npmignore
58 silly gunzTarPerm extractEntry Source/NSString+expandPath.h
59 silly gunzTarPerm extractEntry Source/NSString+expandPath.m
60 silly gunzTarPerm extractEntry Source/iPhoneSimulator.h
61 silly gunzTarPerm extractEntry Source/iPhoneSimulator.m
62 silly gunzTarPerm extractEntry Source/main.m
63 silly gunzTarPerm extractEntry Source/nsprintf.h
64 silly gunzTarPerm extractEntry Source/nsprintf.m
65 silly gunzTarPerm extractEntry Source/version.h
66 silly gunzTarPerm extractEntry ios-sim.xcodeproj/.npmignore
67 silly gunzTarPerm extractEntry ios-sim.xcodeproj/project.pbxproj
68 silly gunzTarPerm extractEntry ios-sim.xcodeproj/xcshareddata/xcschemes/ios-sim.xcscheme
69 silly gunzTarPerm extractEntry ios-sim_Prefix.pch
70 silly gunzTarPerm extractEntry DVTiPhoneSimulatorRemoteClient/DVTiPhoneSimulatorRemoteClient.h
71 silly gunzTarPerm extractEntry README.template.md
72 verbose write writing to /usr/local/lib/node_modules/ios-sim/package.json
73 info preinstall ios-sim@3.1.1
74 verbose unsafe-perm in lifecycle true
75 info ios-sim@3.1.1 Failed to exec preinstall script
76 verbose unlock done using /Users/edo/.npm/_locks/ios-sim-3bb56db538048d2f.lock for /usr/local/lib/node_modules/ios-sim
77 verbose stack Error: ios-sim@3.1.1 preinstall: `rake build`
77 verbose stack Exit status 1
77 verbose stack     at EventEmitter.<anonymous> (/usr/local/lib/node_modules/npm/lib/utils/lifecycle.js:213:16)
77 verbose stack     at EventEmitter.emit (events.js:110:17)
77 verbose stack     at ChildProcess.<anonymous> (/usr/local/lib/node_modules/npm/lib/utils/spawn.js:24:14)
77 verbose stack     at ChildProcess.emit (events.js:110:17)
77 verbose stack     at maybeClose (child_process.js:1015:16)
77 verbose stack     at Process.ChildProcess._handle.onexit (child_process.js:1087:5)
78 verbose pkgid ios-sim@3.1.1
79 verbose cwd /Users/edo/Documents/Projects/Personal Hacks/randomizeFoursquare
80 error Darwin 12.5.0
81 error argv "/usr/local/bin/node" "/usr/local/bin/npm" "install" "ios-sim" "-g"
82 error node v0.12.4
83 error npm  v2.10.1
84 error code ELIFECYCLE
85 error ios-sim@3.1.1 preinstall: `rake build`
85 error Exit status 1
86 error Failed at the ios-sim@3.1.1 preinstall script 'rake build'.
86 error This is most likely a problem with the ios-sim package,
86 error not with npm itself.
86 error Tell the author that this fails on your system:
86 error     rake build
86 error You can get their info via:
86 error     npm owner ls ios-sim
86 error There is likely additional logging output above.
87 verbose exit [ 1, true ]
88 verbose unbuild lib/node_modules/ios-sim
89 info preuninstall ios-sim@3.1.1
90 info uninstall ios-sim@3.1.1
91 verbose unbuild rmStuff ios-sim@3.1.1 from /usr/local/lib/node_modules
92 silly gentlyRm /usr/local/bin/ios-sim is being gently removed
93 silly gentlyRm verifying /usr/local is an npm working directory
94 silly gentlyRm containing path /usr/local is under npm's control, in /usr/local
95 silly gentlyRm deletion target /usr/local/bin/ios-sim is under /usr/local
96 verbose gentlyRm vacuuming from /usr/local/bin/ios-sim up to /usr/local
97 info postuninstall ios-sim@3.1.1
98 silly gentlyRm /usr/local/lib/node_modules/ios-sim is being purged from base /usr/local
99 verbose gentlyRm don't care about contents; nuking /usr/local/lib/node_modules/ios-sim
100 silly vacuum-fs purging /usr/local/lib/node_modules/ios-sim
101 silly vacuum-fs quitting because other entries in /usr/local/lib/node_modules
